<?xml version="1.0" encoding="UTF-8"?>
<!-- Generated by org.testng.reporters.JUnitXMLReporter -->
<testsuite hostname="DESKTOP-TMPB3MR" ignored="2" name="week-14-home-office-visa-check" tests="1" failures="1" timestamp="2022-05-10T22:17:10 BST" time="0.667" errors="0">
  <testcase name="aChileanComingToTheUKForWorkAndPlansOnStayingForLongerThanSixMonths" time="0.006" classname="gov.uk.check.visa.testsuite.VisaConfirmationTest">
    <failure type="java.lang.NullPointerException">
      <![CDATA[java.lang.NullPointerException
at org.openqa.selenium.support.pagefactory.DefaultElementLocator.findElement(DefaultElementLocator.java:70)
at org.openqa.selenium.support.pagefactory.internal.LocatingElementHandler.invoke(LocatingElementHandler.java:39)
at com.sun.proxy.$Proxy7.toString(Unknown Source)
at gov.uk.check.visa.pages.StartPage.clickonStartnow(StartPage.java:27)
at gov.uk.check.visa.testsuite.VisaConfirmationTest.aChileanComingToTheUKForWorkAndPlansOnStayingForLongerThanSixMonths(VisaConfirmationTest.java:43)
at java.util.ArrayList.forEach(ArrayList.java:1259)
at com.intellij.rt.testng.IDEARemoteTestNG.run(IDEARemoteTestNG.java:66)
at com.intellij.rt.testng.RemoteTestNGStarter.main(RemoteTestNGStarter.java:109)
... Removed 24 stack frames]]>
    </failure>
  </testcase> <!-- aChileanComingToTheUKForWorkAndPlansOnStayingForLongerThanSixMonths -->
  <testcase name="aColumbianNationalComingToTheUKToJoinAPartnerForALongStayTheyDoHaveAnArticle10Or20Card" time="0.0" classname="gov.uk.check.visa.testsuite.VisaConfirmationTest">
    <ignored/>
  </testcase> <!-- aColumbianNationalComingToTheUKToJoinAPartnerForALongStayTheyDoHaveAnArticle10Or20Card -->
  <testcase name="anAustralianCominToUKForTourism" time="0.0" classname="gov.uk.check.visa.testsuite.VisaConfirmationTest">
    <ignored/>
  </testcase> <!-- anAustralianCominToUKForTourism -->
</testsuite> <!-- week-14-home-office-visa-check -->
